[debug] [2019-07-30T15:05:04.662Z] ----------------------------------------------------------------------
[debug] [2019-07-30T15:05:04.665Z] Command:       C:\Program Files\nodejs\node.exe C:\Users\catou\AppData\Roaming\npm\node_modules\firebase-tools\lib\bin\firebase.js deploy --only hosting:croxleau
[debug] [2019-07-30T15:05:04.665Z] CLI Version:   7.2.1
[debug] [2019-07-30T15:05:04.665Z] Platform:      win32
[debug] [2019-07-30T15:05:04.665Z] Node Version:  v12.4.0
[debug] [2019-07-30T15:05:04.666Z] Time:          Tue Jul 30 2019 17:05:04 GMT+0200 (GMT+02:00)
[debug] [2019-07-30T15:05:04.666Z] ----------------------------------------------------------------------
[debug] 
[debug] [2019-07-30T15:05:04.677Z] > command requires scopes: ["email","openid","https://www.googleapis.com/auth/cloudplatformprojects.readonly","https://www.googleapis.com/auth/firebase","https://www.googleapis.com/auth/cloud-platform"]
[debug] [2019-07-30T15:05:04.677Z] > authorizing via signed-in user
[debug] [2019-07-30T15:05:04.677Z] [iam] checking project ddddd-248af for permissions ["firebase.projects.get","firebasehosting.sites.update"]
[debug] [2019-07-30T15:05:04.679Z] >>> HTTP REQUEST POST https://cloudresourcemanager.googleapis.com/v1/projects/ddddd-248af:testIamPermissions  

[debug] [2019-07-30T15:05:05.592Z] <<< HTTP RESPONSE 200
[debug] [2019-07-30T15:05:05.593Z] >>> HTTP REQUEST GET https://firebase.googleapis.com/v1beta1/projects/ddddd-248af  
 
[debug] [2019-07-30T15:05:06.126Z] <<< HTTP RESPONSE 200
[info] 
[info] === Deploying to 'ddddd-248af'...
[info] 
[info] i  deploying hosting
[info] 
[info] +  Deploy complete!
[info] 
[info] Project Console: https://console.firebase.google.com/project/ddddd-248af/overview
[debug] [2019-07-30T15:05:06.577Z] TypeError: Cannot read property 'deploys' of undefined
    at C:\Users\catou\AppData\Roaming\npm\node_modules\firebase-tools\lib\deploy\index.js:84:36
    at processTicksAndRejections (internal/process/task_queues.js:89:5)
[error] 
[error] Error: An unexpected error has occurred.
